  WeightedQuickUnionUF.cpp
  Vector.cpp
  UF.cpp
  StopwatchWin32.cpp
  Stopwatch.cpp
  StdRandom.cpp
  Stack.cpp
  Shell.cpp
  ResizingArrayBag.cpp
  QuickX.cpp
  QuickUnionUF.cpp
  QuickFindUF.cpp
  Quick3way.cpp
  Quick.cpp
  Queue.cpp
  MergeX.cpp
  MergeBU.cpp
  Merge.cpp
  MemoryLeakTests.cpp
  LinkedStack.cpp
  Generating Code...
  Compiling...
  LinkedQueue.cpp
  LinkedBag.cpp
  BST.cpp
  BinarySearch.cpp
  Bag.cpp
  Average.cpp
  Generating Code...
Vector.obj : warning LNK4221: This object file does not define any previously undefined public symbols, so it will not be used by any link operation that consumes this library
UF.obj : warning LNK4221: This object file does not define any previously undefined public symbols, so it will not be used by any link operation that consumes this library
Stopwatch.obj : warning LNK4221: This object file does not define any previously undefined public symbols, so it will not be used by any link operation that consumes this library
QuickUnionUF.obj : warning LNK4221: This object file does not define any previously undefined public symbols, so it will not be used by any link operation that consumes this library
QuickFindUF.obj : warning LNK4221: This object file does not define any previously undefined public symbols, so it will not be used by any link operation that consumes this library
Quick3way.obj : warning LNK4221: This object file does not define any previously undefined public symbols, so it will not be used by any link operation that consumes this library
Quick.obj : warning LNK4221: This object file does not define any previously undefined public symbols, so it will not be used by any link operation that consumes this library
Merge.obj : warning LNK4221: This object file does not define any previously undefined public symbols, so it will not be used by any link operation that consumes this library
BST.obj : warning LNK4221: This object file does not define any previously undefined public symbols, so it will not be used by any link operation that consumes this library
Average.obj : warning LNK4221: This object file does not define any previously undefined public symbols, so it will not be used by any link operation that consumes this library
  algs4Cpp.vcxproj -> G:\KSC\AlgorithmsC++\algs4Cpp\Debug\algs4Cpp.lib
