g:\ksc\algorithmsc++\algs4cpp\algs4cpp\debug\algs4cpp.pdb
g:\ksc\algorithmsc++\algs4cpp\algs4cpp\debug\algs4cpp.idb
g:\ksc\algorithmsc++\algs4cpp\algs4cpp\debug\bag.obj
g:\ksc\algorithmsc++\algs4cpp\algs4cpp\debug\binarysearch.obj
g:\ksc\algorithmsc++\algs4cpp\algs4cpp\debug\merge.obj
g:\ksc\algorithmsc++\algs4cpp\algs4cpp\debug\mergex.obj
g:\ksc\algorithmsc++\algs4cpp\algs4cpp\debug\queue.obj
g:\ksc\algorithmsc++\algs4cpp\algs4cpp\debug\quickfinduf.obj
g:\ksc\algorithmsc++\algs4cpp\algs4cpp\debug\quickunionuf.obj
g:\ksc\algorithmsc++\algs4cpp\algs4cpp\debug\uf.obj
g:\ksc\algorithmsc++\algs4cpp\algs4cpp\debug\vector.obj
g:\ksc\algorithmsc++\algs4cpp\algs4cpp\debug\weightedquickunionuf.obj
g:\ksc\algorithmsc++\algs4cpp\debug\algs4cpp.lib
g:\ksc\algorithmsc++\algs4cpp\debug\algs4cpp.pdb
g:\ksc\algorithmsc++\algs4cpp\algs4cpp\debug\algs4cpp.tlog\cl.command.1.tlog
g:\ksc\algorithmsc++\algs4cpp\algs4cpp\debug\algs4cpp.tlog\cl.read.1.tlog
g:\ksc\algorithmsc++\algs4cpp\algs4cpp\debug\algs4cpp.tlog\cl.write.1.tlog
g:\ksc\algorithmsc++\algs4cpp\algs4cpp\debug\algs4cpp.tlog\lib-link.read.1.tlog
g:\ksc\algorithmsc++\algs4cpp\algs4cpp\debug\algs4cpp.tlog\lib-link.write.1.tlog
g:\ksc\algorithmsc++\algs4cpp\algs4cpp\debug\algs4cpp.tlog\lib.command.1.tlog
